/*
 * Since 8edd0e794 (>= 12) Append nodes with single subplan are eliminated,
 * causing different output. Also, EXPLAIN now always shows key first in quals
 * ('test commutator' queries).
 */
\set VERBOSITY terse
SET search_path = 'public';
CREATE SCHEMA pathman;
CREATE EXTENSION pg_pathman SCHEMA pathman;
CREATE SCHEMA test;
CREATE TABLE test.hash_rel (
	id		SERIAL PRIMARY KEY,
	value	INTEGER);
INSERT INTO test.hash_rel VALUES (1, 1);
INSERT INTO test.hash_rel VALUES (2, 2);
INSERT INTO test.hash_rel VALUES (3, 3);
\set VERBOSITY default
SELECT pathman.create_hash_partitions('test.hash_rel', 'value', 3);
ERROR:  failed to analyze partitioning expression "value"
DETAIL:  column "value" should be marked NOT NULL
CONTEXT:  SQL statement "SELECT pathman.validate_expression(parent_relid, expression)"
PL/pgSQL function pathman.prepare_for_partitioning(regclass,text,boolean) line 9 at PERFORM
SQL statement "SELECT pathman.prepare_for_partitioning(parent_relid,
												 expression,
												 partition_data)"
PL/pgSQL function pathman.create_hash_partitions(regclass,text,integer,boolean,text[],text[]) line 3 at PERFORM
\set VERBOSITY terse
ALTER TABLE test.hash_rel ALTER COLUMN value SET NOT NULL;
SELECT pathman.create_hash_partitions('test.hash_rel', 'value', 3, partition_data:=false);
 create_hash_partitions 
------------------------
                      3
(1 row)

EXPLAIN (COSTS OFF) SELECT * FROM test.hash_rel;
          QUERY PLAN          
------------------------------
 Append
   ->  Seq Scan on hash_rel
   ->  Seq Scan on hash_rel_0
   ->  Seq Scan on hash_rel_1
   ->  Seq Scan on hash_rel_2
(5 rows)

SELECT * FROM test.hash_rel;
 id | value 
----+-------
  1 |     1
  2 |     2
  3 |     3
(3 rows)

SELECT pathman.set_enable_parent('test.hash_rel', false);
 set_enable_parent 
-------------------
 
(1 row)

EXPLAIN (COSTS OFF) SELECT * FROM test.hash_rel;
          QUERY PLAN          
------------------------------
 Append
   ->  Seq Scan on hash_rel_0
   ->  Seq Scan on hash_rel_1
   ->  Seq Scan on hash_rel_2
(4 rows)

SELECT * FROM test.hash_rel;
 id | value 
----+-------
(0 rows)

SELECT pathman.set_enable_parent('test.hash_rel', true);
 set_enable_parent 
-------------------
 
(1 row)

EXPLAIN (COSTS OFF) SELECT * FROM test.hash_rel;
          QUERY PLAN          
------------------------------
 Append
   ->  Seq Scan on hash_rel
   ->  Seq Scan on hash_rel_0
   ->  Seq Scan on hash_rel_1
   ->  Seq Scan on hash_rel_2
(5 rows)

SELECT * FROM test.hash_rel;
 id | value 
----+-------
  1 |     1
  2 |     2
  3 |     3
(3 rows)

SELECT pathman.drop_partitions('test.hash_rel');
NOTICE:  0 rows copied from test.hash_rel_0
NOTICE:  0 rows copied from test.hash_rel_1
NOTICE:  0 rows copied from test.hash_rel_2
 drop_partitions 
-----------------
               3
(1 row)

SELECT pathman.create_hash_partitions('test.hash_rel', 'Value', 3);
 create_hash_partitions 
------------------------
                      3
(1 row)

SELECT COUNT(*) FROM test.hash_rel;
 count 
-------
     3
(1 row)

SELECT COUNT(*) FROM ONLY test.hash_rel;
 count 
-------
     0
(1 row)

INSERT INTO test.hash_rel VALUES (4, 4);
INSERT INTO test.hash_rel VALUES (5, 5);
INSERT INTO test.hash_rel VALUES (6, 6);
SELECT COUNT(*) FROM test.hash_rel;
 count 
-------
     6
(1 row)

SELECT COUNT(*) FROM ONLY test.hash_rel;
 count 
-------
     0
(1 row)

CREATE TABLE test.range_rel (
	id	SERIAL PRIMARY KEY,
	dt	TIMESTAMP,
	txt	TEXT);
CREATE INDEX ON test.range_rel (dt);
INSERT INTO test.range_rel (dt, txt)
SELECT g, md5(g::TEXT) FROM generate_series('2015-01-01', '2015-04-30', '1 day'::interval) as g;
\set VERBOSITY default
SELECT pathman.create_range_partitions('test.range_rel', 'dt', '2015-01-01'::DATE, '1 month'::INTERVAL);
ERROR:  failed to analyze partitioning expression "dt"
DETAIL:  column "dt" should be marked NOT NULL
CONTEXT:  SQL statement "SELECT pathman.validate_expression(parent_relid, expression)"
PL/pgSQL function pathman.prepare_for_partitioning(regclass,text,boolean) line 9 at PERFORM
SQL statement "SELECT pathman.prepare_for_partitioning(parent_relid,
												 expression,
												 partition_data)"
PL/pgSQL function pathman.create_range_partitions(regclass,text,anyelement,interval,integer,boolean) line 11 at PERFORM
\set VERBOSITY terse
ALTER TABLE test.range_rel ALTER COLUMN dt SET NOT NULL;
SELECT pathman.create_range_partitions('test.range_rel', 'dt', '2015-01-01'::DATE, '1 month'::INTERVAL, 2);
ERROR:  not enough partitions to fit all values of "dt"
SELECT pathman.create_range_partitions('test.range_rel', 'DT', '2015-01-01'::DATE, '1 month'::INTERVAL);
 create_range_partitions 
-------------------------
                       4
(1 row)

SELECT COUNT(*) FROM test.range_rel;
 count 
-------
   120
(1 row)

SELECT COUNT(*) FROM ONLY test.range_rel;
 count 
-------
     0
(1 row)

CREATE TABLE test.num_range_rel (
	id	SERIAL PRIMARY KEY,
	txt	TEXT);
SELECT pathman.create_range_partitions('test.num_range_rel', 'id', 0, 1000, 4);
 create_range_partitions 
-------------------------
                       4
(1 row)

SELECT COUNT(*) FROM test.num_range_rel;
 count 
-------
     0
(1 row)

SELECT COUNT(*) FROM ONLY test.num_range_rel;
 count 
-------
     0
(1 row)

INSERT INTO test.num_range_rel
	SELECT g, md5(g::TEXT) FROM generate_series(1, 3000) as g;
SELECT COUNT(*) FROM test.num_range_rel;
 count 
-------
  3000
(1 row)

SELECT COUNT(*) FROM ONLY test.num_range_rel;
 count 
-------
     0
(1 row)

/* since rel_1_2_beta: check append_child_relation(), make_ands_explicit(), dummy path */
CREATE TABLE test.improved_dummy (id BIGSERIAL, name TEXT NOT NULL);
INSERT INTO test.improved_dummy (name) SELECT md5(g::TEXT) FROM generate_series(1, 100) as g;
SELECT pathman.create_range_partitions('test.improved_dummy', 'id', 1, 10);
 create_range_partitions 
-------------------------
                      10
(1 row)

INSERT INTO test.improved_dummy (name) VALUES ('test'); /* spawns new partition */
EXPLAIN (COSTS OFF) SELECT * FROM test.improved_dummy WHERE id = 101 OR id = 5 AND name = 'ib';
                     QUERY PLAN                     
----------------------------------------------------
 Append
   ->  Seq Scan on improved_dummy_1
         Filter: ((id = 5) AND (name = 'ib'::text))
   ->  Seq Scan on improved_dummy_11
         Filter: (id = 101)
(5 rows)

SELECT pathman.set_enable_parent('test.improved_dummy', true); /* enable parent */
 set_enable_parent 
-------------------
 
(1 row)

EXPLAIN (COSTS OFF) SELECT * FROM test.improved_dummy WHERE id = 101 OR id = 5 AND name = 'ib';
                             QUERY PLAN                             
--------------------------------------------------------------------
 Append
   ->  Seq Scan on improved_dummy
         Filter: ((id = 101) OR ((id = 5) AND (name = 'ib'::text)))
   ->  Seq Scan on improved_dummy_1
         Filter: ((id = 5) AND (name = 'ib'::text))
   ->  Seq Scan on improved_dummy_11
         Filter: (id = 101)
(7 rows)

SELECT pathman.set_enable_parent('test.improved_dummy', false); /* disable parent */
 set_enable_parent 
-------------------
 
(1 row)

ALTER TABLE test.improved_dummy_1 ADD CHECK (name != 'ib'); /* make test.improved_dummy_1 disappear */
EXPLAIN (COSTS OFF) SELECT * FROM test.improved_dummy WHERE id = 101 OR id = 5 AND name = 'ib';
          QUERY PLAN           
-------------------------------
 Seq Scan on improved_dummy_11
   Filter: (id = 101)
(2 rows)

SELECT pathman.set_enable_parent('test.improved_dummy', true); /* enable parent */
 set_enable_parent 
-------------------
 
(1 row)

EXPLAIN (COSTS OFF) SELECT * FROM test.improved_dummy WHERE id = 101 OR id = 5 AND name = 'ib';
                             QUERY PLAN                             
--------------------------------------------------------------------
 Append
   ->  Seq Scan on improved_dummy
         Filter: ((id = 101) OR ((id = 5) AND (name = 'ib'::text)))
   ->  Seq Scan on improved_dummy_11
         Filter: (id = 101)
(5 rows)

DROP TABLE test.improved_dummy CASCADE;
NOTICE:  drop cascades to 12 other objects
/* since rel_1_4_beta: check create_range_partitions(bounds array) */
CREATE TABLE test.improved_dummy (val INT NOT NULL);
SELECT pathman.create_range_partitions('test.improved_dummy', 'val',
									   pathman.generate_range_bounds(1, 1, 2));
 create_range_partitions 
-------------------------
                       2
(1 row)

SELECT * FROM pathman.pathman_partition_list
WHERE parent = 'test.improved_dummy'::REGCLASS
ORDER BY partition;
       parent        |       partition       | parttype | expr | range_min | range_max 
---------------------+-----------------------+----------+------+-----------+-----------
 test.improved_dummy | test.improved_dummy_1 |        2 | val  | 1         | 2
 test.improved_dummy | test.improved_dummy_2 |        2 | val  | 2         | 3
(2 rows)

SELECT pathman.drop_partitions('test.improved_dummy');
NOTICE:  0 rows copied from test.improved_dummy_1
NOTICE:  0 rows copied from test.improved_dummy_2
 drop_partitions 
-----------------
               2
(1 row)

SELECT pathman.create_range_partitions('test.improved_dummy', 'val',
									   pathman.generate_range_bounds(1, 1, 2),
									   partition_names := '{p1, p2}');
 create_range_partitions 
-------------------------
                       2
(1 row)

SELECT * FROM pathman.pathman_partition_list
WHERE parent = 'test.improved_dummy'::REGCLASS
ORDER BY partition;
       parent        | partition | parttype | expr | range_min | range_max 
---------------------+-----------+----------+------+-----------+-----------
 test.improved_dummy | p1        |        2 | val  | 1         | 2
 test.improved_dummy | p2        |        2 | val  | 2         | 3
(2 rows)

SELECT pathman.drop_partitions('test.improved_dummy');
NOTICE:  0 rows copied from p1
NOTICE:  0 rows copied from p2
 drop_partitions 
-----------------
               2
(1 row)

SELECT pathman.create_range_partitions('test.improved_dummy', 'val',
									   pathman.generate_range_bounds(1, 1, 2),
									   partition_names := '{p1, p2}',
									   tablespaces := '{pg_default, pg_default}');
 create_range_partitions 
-------------------------
                       2
(1 row)

SELECT * FROM pathman.pathman_partition_list
WHERE parent = 'test.improved_dummy'::REGCLASS
ORDER BY partition;
       parent        | partition | parttype | expr | range_min | range_max 
---------------------+-----------+----------+------+-----------+-----------
 test.improved_dummy | p1        |        2 | val  | 1         | 2
 test.improved_dummy | p2        |        2 | val  | 2         | 3
(2 rows)

DROP TABLE test.improved_dummy CASCADE;
NOTICE:  drop cascades to 3 other objects
/* Test pathman_rel_pathlist_hook() with INSERT query */
CREATE TABLE test.insert_into_select(val int NOT NULL);
INSERT INTO test.insert_into_select SELECT generate_series(1, 100);
SELECT pathman.create_range_partitions('test.insert_into_select', 'val', 1, 20);
 create_range_partitions 
-------------------------
                       5
(1 row)

CREATE TABLE test.insert_into_select_copy (LIKE test.insert_into_select); /* INSERT INTO ... SELECT ... */
EXPLAIN (COSTS OFF)
INSERT INTO test.insert_into_select_copy
SELECT * FROM test.insert_into_select
WHERE val <= 80;
                  QUERY PLAN                  
----------------------------------------------
 Insert on insert_into_select_copy
   ->  Append
         ->  Seq Scan on insert_into_select_1
         ->  Seq Scan on insert_into_select_2
         ->  Seq Scan on insert_into_select_3
         ->  Seq Scan on insert_into_select_4
               Filter: (val <= 80)
(7 rows)

SELECT pathman.set_enable_parent('test.insert_into_select', true);
 set_enable_parent 
-------------------
 
(1 row)

EXPLAIN (COSTS OFF)
INSERT INTO test.insert_into_select_copy
SELECT * FROM test.insert_into_select
WHERE val <= 80;
                  QUERY PLAN                  
----------------------------------------------
 Insert on insert_into_select_copy
   ->  Append
         ->  Seq Scan on insert_into_select
               Filter: (val <= 80)
         ->  Seq Scan on insert_into_select_1
         ->  Seq Scan on insert_into_select_2
         ->  Seq Scan on insert_into_select_3
         ->  Seq Scan on insert_into_select_4
               Filter: (val <= 80)
(9 rows)

INSERT INTO test.insert_into_select_copy SELECT * FROM test.insert_into_select;
SELECT count(*) FROM test.insert_into_select_copy;
 count 
-------
   100
(1 row)

DROP TABLE test.insert_into_select_copy, test.insert_into_select CASCADE;
NOTICE:  drop cascades to 6 other objects
SET pg_pathman.enable_runtimeappend = OFF;
SET pg_pathman.enable_runtimemergeappend = OFF;
VACUUM;
SET enable_indexscan = OFF;
SET enable_bitmapscan = OFF;
SET enable_seqscan = ON;
EXPLAIN (COSTS OFF) SELECT * FROM test.hash_rel;
          QUERY PLAN          
------------------------------
 Append
   ->  Seq Scan on hash_rel_0
   ->  Seq Scan on hash_rel_1
   ->  Seq Scan on hash_rel_2
(4 rows)

EXPLAIN (COSTS OFF) SELECT * FROM test.hash_rel WHERE false;
        QUERY PLAN        
--------------------------
 Result
   One-Time Filter: false
(2 rows)

EXPLAIN (COSTS OFF) SELECT * FROM test.hash_rel WHERE value = NULL;
        QUERY PLAN        
--------------------------
 Result
   One-Time Filter: false
(2 rows)

EXPLAIN (COSTS OFF) SELECT * FROM test.hash_rel WHERE value = 2;
       QUERY PLAN       
------------------------
 Seq Scan on hash_rel_1
   Filter: (value = 2)
(2 rows)

EXPLAIN (COSTS OFF) SELECT * FROM test.hash_rel WHERE 2 = value; /* test commutator */
       QUERY PLAN       
------------------------
 Seq Scan on hash_rel_1
   Filter: (2 = value)
(2 rows)

EXPLAIN (COSTS OFF) SELECT * FROM test.hash_rel WHERE value = 2 OR value = 1;
          QUERY PLAN          
------------------------------
 Append
   ->  Seq Scan on hash_rel_1
         Filter: (value = 2)
   ->  Seq Scan on hash_rel_2
         Filter: (value = 1)
(5 rows)

EXPLAIN (COSTS OFF) SELECT * FROM test.num_range_rel WHERE 2500 = id; /* test commutator */
         QUERY PLAN          
-----------------------------
 Seq Scan on num_range_rel_3
   Filter: (2500 = id)
(2 rows)

EXPLAIN (COSTS OFF) SELECT * FROM test.num_range_rel WHERE 2500 < id; /* test commutator */
            QUERY PLAN             
-----------------------------------
 Append
   ->  Seq Scan on num_range_rel_3
         Filter: (2500 < id)
   ->  Seq Scan on num_range_rel_4
(4 rows)

EXPLAIN (COSTS OFF) SELECT * FROM test.num_range_rel WHERE id > 2500;
            QUERY PLAN             
-----------------------------------
 Append
   ->  Seq Scan on num_range_rel_3
         Filter: (id > 2500)
   ->  Seq Scan on num_range_rel_4
(4 rows)

EXPLAIN (COSTS OFF) SELECT * FROM test.num_range_rel WHERE id >= 1000 AND id < 3000;
            QUERY PLAN             
-----------------------------------
 Append
   ->  Seq Scan on num_range_rel_2
   ->  Seq Scan on num_range_rel_3
(3 rows)

EXPLAIN (COSTS OFF) SELECT * FROM test.num_range_rel WHERE id >= 1500 AND id < 2500;
            QUERY PLAN             
-----------------------------------
 Append
   ->  Seq Scan on num_range_rel_2
         Filter: (id >= 1500)
   ->  Seq Scan on num_range_rel_3
         Filter: (id < 2500)
(5 rows)

EXPLAIN (COSTS OFF) SELECT * FROM test.num_range_rel WHERE (id >= 500 AND id < 1500) OR (id > 2500);
            QUERY PLAN             
-----------------------------------
 Append
   ->  Seq Scan on num_range_rel_1
         Filter: (id >= 500)
   ->  Seq Scan on num_range_rel_2
         Filter: (id < 1500)
   ->  Seq Scan on num_range_rel_3
         Filter: (id > 2500)
   ->  Seq Scan on num_range_rel_4
(8 rows)

EXPLAIN (COSTS OFF) SELECT * FROM test.range_rel WHERE dt > '2015-02-15';
                                   QUERY PLAN                                   
--------------------------------------------------------------------------------
 Append
   ->  Seq Scan on range_rel_2
         Filter: (dt > 'Sun Feb 15 00:00:00 2015'::timestamp without time zone)
   ->  Seq Scan on range_rel_3
   ->  Seq Scan on range_rel_4
(5 rows)

EXPLAIN (COSTS OFF) SELECT * FROM test.range_rel WHERE '2015-02-15' < dt; /* test commutator */
                                   QUERY PLAN                                   
--------------------------------------------------------------------------------
 Append
   ->  Seq Scan on range_rel_2
         Filter: ('Sun Feb 15 00:00:00 2015'::timestamp without time zone < dt)
   ->  Seq Scan on range_rel_3
   ->  Seq Scan on range_rel_4
(5 rows)

EXPLAIN (COSTS OFF) SELECT * FROM test.range_rel WHERE dt >= '2015-02-01' AND dt < '2015-03-01';
       QUERY PLAN        
-------------------------
 Seq Scan on range_rel_2
(1 row)

EXPLAIN (COSTS OFF) SELECT * FROM test.range_rel WHERE dt >= '2015-02-15' AND dt < '2015-03-15';
                                   QUERY PLAN                                    
---------------------------------------------------------------------------------
 Append
   ->  Seq Scan on range_rel_2
         Filter: (dt >= 'Sun Feb 15 00:00:00 2015'::timestamp without time zone)
   ->  Seq Scan on range_rel_3
         Filter: (dt < 'Sun Mar 15 00:00:00 2015'::timestamp without time zone)
(5 rows)

EXPLAIN (COSTS OFF) SELECT * FROM test.range_rel WHERE (dt >= '2015-01-15' AND dt < '2015-02-15') OR (dt > '2015-03-15');
                                   QUERY PLAN                                    
---------------------------------------------------------------------------------
 Append
   ->  Seq Scan on range_rel_1
         Filter: (dt >= 'Thu Jan 15 00:00:00 2015'::timestamp without time zone)
   ->  Seq Scan on range_rel_2
         Filter: (dt < 'Sun Feb 15 00:00:00 2015'::timestamp without time zone)
   ->  Seq Scan on range_rel_3
         Filter: (dt > 'Sun Mar 15 00:00:00 2015'::timestamp without time zone)
   ->  Seq Scan on range_rel_4
(8 rows)

SET enable_indexscan = ON;
SET enable_bitmapscan = OFF;
SET enable_seqscan = OFF;
EXPLAIN (COSTS OFF) SELECT * FROM test.hash_rel;
          QUERY PLAN          
------------------------------
 Append
   ->  Seq Scan on hash_rel_0
   ->  Seq Scan on hash_rel_1
   ->  Seq Scan on hash_rel_2
(4 rows)

EXPLAIN (COSTS OFF) SELECT * FROM test.hash_rel WHERE false;
        QUERY PLAN        
--------------------------
 Result
   One-Time Filter: false
(2 rows)

EXPLAIN (COSTS OFF) SELECT * FROM test.hash_rel WHERE value = NULL;
        QUERY PLAN        
--------------------------
 Result
   One-Time Filter: false
(2 rows)

EXPLAIN (COSTS OFF) SELECT * FROM test.hash_rel WHERE value = 2;
       QUERY PLAN       
------------------------
 Seq Scan on hash_rel_1
   Filter: (value = 2)
(2 rows)

EXPLAIN (COSTS OFF) SELECT * FROM test.hash_rel WHERE 2 = value; /* test commutator */
       QUERY PLAN       
------------------------
 Seq Scan on hash_rel_1
   Filter: (2 = value)
(2 rows)

EXPLAIN (COSTS OFF) SELECT * FROM test.hash_rel WHERE value = 2 OR value = 1;
          QUERY PLAN          
------------------------------
 Append
   ->  Seq Scan on hash_rel_1
         Filter: (value = 2)
   ->  Seq Scan on hash_rel_2
         Filter: (value = 1)
(5 rows)

EXPLAIN (COSTS OFF) SELECT * FROM test.num_range_rel WHERE 2500 = id; /* test commutator */
                        QUERY PLAN                        
----------------------------------------------------------
 Index Scan using num_range_rel_3_pkey on num_range_rel_3
   Index Cond: (id = 2500)
(2 rows)

EXPLAIN (COSTS OFF) SELECT * FROM test.num_range_rel WHERE 2500 < id; /* test commutator */
                           QUERY PLAN                           
----------------------------------------------------------------
 Append
   ->  Index Scan using num_range_rel_3_pkey on num_range_rel_3
         Index Cond: (id > 2500)
   ->  Seq Scan on num_range_rel_4
(4 rows)

EXPLAIN (COSTS OFF) SELECT * FROM test.num_range_rel WHERE id > 2500;
                           QUERY PLAN                           
----------------------------------------------------------------
 Append
   ->  Index Scan using num_range_rel_3_pkey on num_range_rel_3
         Index Cond: (id > 2500)
   ->  Seq Scan on num_range_rel_4
(4 rows)

EXPLAIN (COSTS OFF) SELECT * FROM test.num_range_rel WHERE id >= 1000 AND id < 3000;
            QUERY PLAN             
-----------------------------------
 Append
   ->  Seq Scan on num_range_rel_2
   ->  Seq Scan on num_range_rel_3
(3 rows)

EXPLAIN (COSTS OFF) SELECT * FROM test.num_range_rel WHERE id >= 1500 AND id < 2500;
                           QUERY PLAN                           
----------------------------------------------------------------
 Append
   ->  Index Scan using num_range_rel_2_pkey on num_range_rel_2
         Index Cond: (id >= 1500)
   ->  Index Scan using num_range_rel_3_pkey on num_range_rel_3
         Index Cond: (id < 2500)
(5 rows)

EXPLAIN (COSTS OFF) SELECT * FROM test.num_range_rel WHERE (id >= 500 AND id < 1500) OR (id > 2500);
                           QUERY PLAN                           
----------------------------------------------------------------
 Append
   ->  Index Scan using num_range_rel_1_pkey on num_range_rel_1
         Index Cond: (id >= 500)
   ->  Index Scan using num_range_rel_2_pkey on num_range_rel_2
         Index Cond: (id < 1500)
   ->  Index Scan using num_range_rel_3_pkey on num_range_rel_3
         Index Cond: (id > 2500)
   ->  Seq Scan on num_range_rel_4
(8 rows)

EXPLAIN (COSTS OFF) SELECT * FROM test.num_range_rel ORDER BY id;
                           QUERY PLAN                           
----------------------------------------------------------------
 Append
   ->  Index Scan using num_range_rel_1_pkey on num_range_rel_1
   ->  Index Scan using num_range_rel_2_pkey on num_range_rel_2
   ->  Index Scan using num_range_rel_3_pkey on num_range_rel_3
   ->  Index Scan using num_range_rel_4_pkey on num_range_rel_4
(5 rows)

EXPLAIN (COSTS OFF) SELECT * FROM test.num_range_rel WHERE id <= 2500 ORDER BY id;
                           QUERY PLAN                           
----------------------------------------------------------------
 Append
   ->  Index Scan using num_range_rel_1_pkey on num_range_rel_1
   ->  Index Scan using num_range_rel_2_pkey on num_range_rel_2
   ->  Index Scan using num_range_rel_3_pkey on num_range_rel_3
         Index Cond: (id <= 2500)
(5 rows)

EXPLAIN (COSTS OFF) SELECT * FROM test.range_rel WHERE dt > '2015-02-15';
                                     QUERY PLAN                                     
------------------------------------------------------------------------------------
 Append
   ->  Index Scan using range_rel_2_dt_idx on range_rel_2
         Index Cond: (dt > 'Sun Feb 15 00:00:00 2015'::timestamp without time zone)
   ->  Seq Scan on range_rel_3
   ->  Seq Scan on range_rel_4
(5 rows)

EXPLAIN (COSTS OFF) SELECT * FROM test.range_rel WHERE '2015-02-15' < dt; /* test commutator */
                                     QUERY PLAN                                     
------------------------------------------------------------------------------------
 Append
   ->  Index Scan using range_rel_2_dt_idx on range_rel_2
         Index Cond: (dt > 'Sun Feb 15 00:00:00 2015'::timestamp without time zone)
   ->  Seq Scan on range_rel_3
   ->  Seq Scan on range_rel_4
(5 rows)

EXPLAIN (COSTS OFF) SELECT * FROM test.range_rel WHERE dt >= '2015-02-01' AND dt < '2015-03-01';
       QUERY PLAN        
-------------------------
 Seq Scan on range_rel_2
(1 row)

EXPLAIN (COSTS OFF) SELECT * FROM test.range_rel WHERE dt >= '2015-02-15' AND dt < '2015-03-15';
                                     QUERY PLAN                                      
-------------------------------------------------------------------------------------
 Append
   ->  Index Scan using range_rel_2_dt_idx on range_rel_2
         Index Cond: (dt >= 'Sun Feb 15 00:00:00 2015'::timestamp without time zone)
   ->  Index Scan using range_rel_3_dt_idx on range_rel_3
         Index Cond: (dt < 'Sun Mar 15 00:00:00 2015'::timestamp without time zone)
(5 rows)

EXPLAIN (COSTS OFF) SELECT * FROM test.range_rel WHERE (dt >= '2015-01-15' AND dt < '2015-02-15') OR (dt > '2015-03-15');
                                     QUERY PLAN                                      
-------------------------------------------------------------------------------------
 Append
   ->  Index Scan using range_rel_1_dt_idx on range_rel_1
         Index Cond: (dt >= 'Thu Jan 15 00:00:00 2015'::timestamp without time zone)
   ->  Index Scan using range_rel_2_dt_idx on range_rel_2
         Index Cond: (dt < 'Sun Feb 15 00:00:00 2015'::timestamp without time zone)
   ->  Index Scan using range_rel_3_dt_idx on range_rel_3
         Index Cond: (dt > 'Sun Mar 15 00:00:00 2015'::timestamp without time zone)
   ->  Seq Scan on range_rel_4
(8 rows)

EXPLAIN (COSTS OFF) SELECT * FROM test.range_rel ORDER BY dt;
                        QUERY PLAN                        
----------------------------------------------------------
 Append
   ->  Index Scan using range_rel_1_dt_idx on range_rel_1
   ->  Index Scan using range_rel_2_dt_idx on range_rel_2
   ->  Index Scan using range_rel_3_dt_idx on range_rel_3
   ->  Index Scan using range_rel_4_dt_idx on range_rel_4
(5 rows)

EXPLAIN (COSTS OFF) SELECT * FROM test.range_rel WHERE dt >= '2015-01-15' ORDER BY dt DESC;
                                     QUERY PLAN                                      
-------------------------------------------------------------------------------------
 Append
   ->  Index Scan Backward using range_rel_4_dt_idx on range_rel_4
   ->  Index Scan Backward using range_rel_3_dt_idx on range_rel_3
   ->  Index Scan Backward using range_rel_2_dt_idx on range_rel_2
   ->  Index Scan Backward using range_rel_1_dt_idx on range_rel_1
         Index Cond: (dt >= 'Thu Jan 15 00:00:00 2015'::timestamp without time zone)
(6 rows)

/*
 * Sorting
 */
SET enable_indexscan = OFF;
SET enable_seqscan = ON;
EXPLAIN (COSTS OFF) SELECT * FROM test.range_rel WHERE dt < '2015-03-01' ORDER BY dt;
             QUERY PLAN              
-------------------------------------
 Sort
   Sort Key: range_rel_1.dt
   ->  Append
         ->  Seq Scan on range_rel_1
         ->  Seq Scan on range_rel_2
(5 rows)

EXPLAIN (COSTS OFF) SELECT * FROM test.range_rel_1 UNION ALL SELECT * FROM test.range_rel_2 ORDER BY dt;
             QUERY PLAN              
-------------------------------------
 Sort
   Sort Key: range_rel_1.dt
   ->  Append
         ->  Seq Scan on range_rel_1
         ->  Seq Scan on range_rel_2
(5 rows)

SET enable_indexscan = ON;
SET enable_seqscan = OFF;
EXPLAIN (COSTS OFF) SELECT * FROM test.range_rel WHERE dt < '2015-03-01' ORDER BY dt;
                        QUERY PLAN                        
----------------------------------------------------------
 Append
   ->  Index Scan using range_rel_1_dt_idx on range_rel_1
   ->  Index Scan using range_rel_2_dt_idx on range_rel_2
(3 rows)

EXPLAIN (COSTS OFF) SELECT * FROM test.range_rel_1 UNION ALL SELECT * FROM test.range_rel_2 ORDER BY dt;
                        QUERY PLAN                        
----------------------------------------------------------
 Merge Append
   Sort Key: range_rel_1.dt
   ->  Index Scan using range_rel_1_dt_idx on range_rel_1
   ->  Index Scan using range_rel_2_dt_idx on range_rel_2
(4 rows)

/*
 * Test inlined SQL functions
 */
CREATE TABLE test.sql_inline (id INT NOT NULL);
SELECT pathman.create_hash_partitions('test.sql_inline', 'id', 3);
 create_hash_partitions 
------------------------
                      3
(1 row)

CREATE OR REPLACE FUNCTION test.sql_inline_func(i_id int) RETURNS SETOF INT AS $$
	select * from test.sql_inline where id = i_id limit 1;
$$ LANGUAGE sql STABLE;
EXPLAIN (COSTS OFF) SELECT * FROM test.sql_inline_func(5);
           QUERY PLAN           
--------------------------------
 Limit
   ->  Seq Scan on sql_inline_0
         Filter: (id = 5)
(3 rows)

EXPLAIN (COSTS OFF) SELECT * FROM test.sql_inline_func(1);
           QUERY PLAN           
--------------------------------
 Limit
   ->  Seq Scan on sql_inline_2
         Filter: (id = 1)
(3 rows)

DROP FUNCTION test.sql_inline_func(int);
DROP TABLE test.sql_inline CASCADE;
NOTICE:  drop cascades to 3 other objects
/*
 * Test by @baiyinqiqi (issue #60)
 */
CREATE TABLE test.hash_varchar(val VARCHAR(40) NOT NULL);
INSERT INTO test.hash_varchar SELECT generate_series(1, 20);
SELECT pathman.create_hash_partitions('test.hash_varchar', 'val', 4);
 create_hash_partitions 
------------------------
                      4
(1 row)

SELECT * FROM test.hash_varchar WHERE val = 'a';
 val 
-----
(0 rows)

SELECT * FROM test.hash_varchar WHERE val = '12'::TEXT;
 val 
-----
 12
(1 row)

DROP TABLE test.hash_varchar CASCADE;
NOTICE:  drop cascades to 4 other objects
/*
 * Test split and merge
 */
/* Split first partition in half */
SELECT pathman.split_range_partition('test.num_range_rel_1', 500);
 split_range_partition 
-----------------------
 test.num_range_rel_5
(1 row)

EXPLAIN (COSTS OFF) SELECT * FROM test.num_range_rel WHERE id BETWEEN 100 AND 700;
                           QUERY PLAN                           
----------------------------------------------------------------
 Append
   ->  Index Scan using num_range_rel_1_pkey on num_range_rel_1
         Index Cond: (id >= 100)
   ->  Index Scan using num_range_rel_5_pkey on num_range_rel_5
         Index Cond: (id <= 700)
(5 rows)

SELECT tableoid::regclass, id FROM test.num_range_rel WHERE id IN (499, 500, 501) ORDER BY id;
       tableoid       | id  
----------------------+-----
 test.num_range_rel_1 | 499
 test.num_range_rel_5 | 500
 test.num_range_rel_5 | 501
(3 rows)

SELECT pathman.split_range_partition('test.range_rel_1', '2015-01-15'::DATE);
 split_range_partition 
-----------------------
 test.range_rel_5
(1 row)

/* Merge two partitions into one */
SELECT pathman.merge_range_partitions('test.num_range_rel_1', 'test.num_range_rel_' || currval('test.num_range_rel_seq'));
 merge_range_partitions 
------------------------
 test.num_range_rel_1
(1 row)

EXPLAIN (COSTS OFF) SELECT * FROM test.num_range_rel WHERE id BETWEEN 100 AND 700;
                        QUERY PLAN                        
----------------------------------------------------------
 Index Scan using num_range_rel_1_pkey on num_range_rel_1
   Index Cond: ((id >= 100) AND (id <= 700))
(2 rows)

SELECT pathman.merge_range_partitions('test.range_rel_1', 'test.range_rel_' || currval('test.range_rel_seq'));
 merge_range_partitions 
------------------------
 test.range_rel_1
(1 row)

/* Append and prepend partitions */
SELECT pathman.append_range_partition('test.num_range_rel');
 append_range_partition 
------------------------
 test.num_range_rel_6
(1 row)

EXPLAIN (COSTS OFF) SELECT * FROM test.num_range_rel WHERE id >= 4000;
         QUERY PLAN          
-----------------------------
 Seq Scan on num_range_rel_6
(1 row)

SELECT pathman.prepend_range_partition('test.num_range_rel');
 prepend_range_partition 
-------------------------
 test.num_range_rel_7
(1 row)

EXPLAIN (COSTS OFF) SELECT * FROM test.num_range_rel WHERE id < 0;
         QUERY PLAN          
-----------------------------
 Seq Scan on num_range_rel_7
(1 row)

SELECT pathman.drop_range_partition('test.num_range_rel_7');
 drop_range_partition 
----------------------
 test.num_range_rel_7
(1 row)

SELECT pathman.drop_range_partition_expand_next('test.num_range_rel_4');
 drop_range_partition_expand_next 
----------------------------------
 
(1 row)

SELECT * FROM pathman.pathman_partition_list WHERE parent = 'test.num_range_rel'::regclass;
       parent       |      partition       | parttype | expr | range_min | range_max 
--------------------+----------------------+----------+------+-----------+-----------
 test.num_range_rel | test.num_range_rel_1 |        2 | id   | 0         | 1000
 test.num_range_rel | test.num_range_rel_2 |        2 | id   | 1000      | 2000
 test.num_range_rel | test.num_range_rel_3 |        2 | id   | 2000      | 3000
 test.num_range_rel | test.num_range_rel_6 |        2 | id   | 3000      | 5000
(4 rows)

SELECT pathman.drop_range_partition_expand_next('test.num_range_rel_6');
 drop_range_partition_expand_next 
----------------------------------
 
(1 row)

SELECT * FROM pathman.pathman_partition_list WHERE parent = 'test.num_range_rel'::regclass;
       parent       |      partition       | parttype | expr | range_min | range_max 
--------------------+----------------------+----------+------+-----------+-----------
 test.num_range_rel | test.num_range_rel_1 |        2 | id   | 0         | 1000
 test.num_range_rel | test.num_range_rel_2 |        2 | id   | 1000      | 2000
 test.num_range_rel | test.num_range_rel_3 |        2 | id   | 2000      | 3000
(3 rows)

SELECT pathman.append_range_partition('test.range_rel');
 append_range_partition 
------------------------
 test.range_rel_6
(1 row)

SELECT pathman.prepend_range_partition('test.range_rel');
 prepend_range_partition 
-------------------------
 test.range_rel_7
(1 row)

EXPLAIN (COSTS OFF) SELECT * FROM test.range_rel WHERE dt BETWEEN '2014-12-15' AND '2015-01-15';
                                     QUERY PLAN                                      
-------------------------------------------------------------------------------------
 Append
   ->  Index Scan using range_rel_7_dt_idx on range_rel_7
         Index Cond: (dt >= 'Mon Dec 15 00:00:00 2014'::timestamp without time zone)
   ->  Index Scan using range_rel_1_dt_idx on range_rel_1
         Index Cond: (dt <= 'Thu Jan 15 00:00:00 2015'::timestamp without time zone)
(5 rows)

SELECT pathman.drop_range_partition('test.range_rel_7');
 drop_range_partition 
----------------------
 test.range_rel_7
(1 row)

EXPLAIN (COSTS OFF) SELECT * FROM test.range_rel WHERE dt BETWEEN '2014-12-15' AND '2015-01-15';
                                  QUERY PLAN                                   
-------------------------------------------------------------------------------
 Index Scan using range_rel_1_dt_idx on range_rel_1
   Index Cond: (dt <= 'Thu Jan 15 00:00:00 2015'::timestamp without time zone)
(2 rows)

SELECT pathman.add_range_partition('test.range_rel', '2014-12-01'::DATE, '2015-01-02'::DATE);
ERROR:  specified range [12-01-2014, 01-02-2015) overlaps with existing partitions
SELECT pathman.add_range_partition('test.range_rel', '2014-12-01'::DATE, '2015-01-01'::DATE);
 add_range_partition 
---------------------
 test.range_rel_8
(1 row)

EXPLAIN (COSTS OFF) SELECT * FROM test.range_rel WHERE dt BETWEEN '2014-12-15' AND '2015-01-15';
                                     QUERY PLAN                                      
-------------------------------------------------------------------------------------
 Append
   ->  Index Scan using range_rel_8_dt_idx on range_rel_8
         Index Cond: (dt >= 'Mon Dec 15 00:00:00 2014'::timestamp without time zone)
   ->  Index Scan using range_rel_1_dt_idx on range_rel_1
         Index Cond: (dt <= 'Thu Jan 15 00:00:00 2015'::timestamp without time zone)
(5 rows)

CREATE TABLE test.range_rel_archive (LIKE test.range_rel INCLUDING ALL);
SELECT pathman.attach_range_partition('test.range_rel', 'test.range_rel_archive', '2014-01-01'::DATE, '2015-01-01'::DATE);
ERROR:  specified range [01-01-2014, 01-01-2015) overlaps with existing partitions
SELECT pathman.attach_range_partition('test.range_rel', 'test.range_rel_archive', '2014-01-01'::DATE, '2014-12-01'::DATE);
 attach_range_partition 
------------------------
 test.range_rel_archive
(1 row)

EXPLAIN (COSTS OFF) SELECT * FROM test.range_rel WHERE dt BETWEEN '2014-11-15' AND '2015-01-15';
                                     QUERY PLAN                                      
-------------------------------------------------------------------------------------
 Append
   ->  Index Scan using range_rel_archive_dt_idx on range_rel_archive
         Index Cond: (dt >= 'Sat Nov 15 00:00:00 2014'::timestamp without time zone)
   ->  Seq Scan on range_rel_8
   ->  Index Scan using range_rel_1_dt_idx on range_rel_1
         Index Cond: (dt <= 'Thu Jan 15 00:00:00 2015'::timestamp without time zone)
(6 rows)

SELECT pathman.detach_range_partition('test.range_rel_archive');
 detach_range_partition 
------------------------
 test.range_rel_archive
(1 row)

EXPLAIN (COSTS OFF) SELECT * FROM test.range_rel WHERE dt BETWEEN '2014-11-15' AND '2015-01-15';
                                     QUERY PLAN                                      
-------------------------------------------------------------------------------------
 Append
   ->  Seq Scan on range_rel_8
   ->  Index Scan using range_rel_1_dt_idx on range_rel_1
         Index Cond: (dt <= 'Thu Jan 15 00:00:00 2015'::timestamp without time zone)
(4 rows)

CREATE TABLE test.range_rel_test1 (
	id  SERIAL PRIMARY KEY,
	dt  TIMESTAMP,
	txt TEXT,
	abc INTEGER);
SELECT pathman.attach_range_partition('test.range_rel', 'test.range_rel_test1', '2013-01-01'::DATE, '2014-01-01'::DATE);
ERROR:  partition must have a compatible tuple format
CREATE TABLE test.range_rel_test2 (
	id  SERIAL PRIMARY KEY,
	dt  TIMESTAMP);
SELECT pathman.attach_range_partition('test.range_rel', 'test.range_rel_test2', '2013-01-01'::DATE, '2014-01-01'::DATE);
ERROR:  column "dt" in child table must be marked NOT NULL
/* Half open ranges */
SELECT pathman.add_range_partition('test.range_rel', NULL, '2014-12-01'::DATE, 'test.range_rel_minus_infinity');
      add_range_partition      
-------------------------------
 test.range_rel_minus_infinity
(1 row)

SELECT pathman.add_range_partition('test.range_rel', '2015-06-01'::DATE, NULL, 'test.range_rel_plus_infinity');
     add_range_partition      
------------------------------
 test.range_rel_plus_infinity
(1 row)

SELECT pathman.append_range_partition('test.range_rel');
ERROR:  Cannot append partition because last partition's range is half open
SELECT pathman.prepend_range_partition('test.range_rel');
ERROR:  Cannot prepend partition because first partition's range is half open
DROP TABLE test.range_rel_minus_infinity;
CREATE TABLE test.range_rel_minus_infinity (LIKE test.range_rel INCLUDING ALL);
SELECT pathman.attach_range_partition('test.range_rel', 'test.range_rel_minus_infinity', NULL, '2014-12-01'::DATE);
    attach_range_partition     
-------------------------------
 test.range_rel_minus_infinity
(1 row)

SELECT * FROM pathman.pathman_partition_list WHERE parent = 'test.range_rel'::REGCLASS;
     parent     |           partition           | parttype | expr |        range_min         |        range_max         
----------------+-------------------------------+----------+------+--------------------------+--------------------------
 test.range_rel | test.range_rel_minus_infinity |        2 | dt   |                          | Mon Dec 01 00:00:00 2014
 test.range_rel | test.range_rel_8              |        2 | dt   | Mon Dec 01 00:00:00 2014 | Thu Jan 01 00:00:00 2015
 test.range_rel | test.range_rel_1              |        2 | dt   | Thu Jan 01 00:00:00 2015 | Sun Feb 01 00:00:00 2015
 test.range_rel | test.range_rel_2              |        2 | dt   | Sun Feb 01 00:00:00 2015 | Sun Mar 01 00:00:00 2015
 test.range_rel | test.range_rel_3              |        2 | dt   | Sun Mar 01 00:00:00 2015 | Wed Apr 01 00:00:00 2015
 test.range_rel | test.range_rel_4              |        2 | dt   | Wed Apr 01 00:00:00 2015 | Fri May 01 00:00:00 2015
 test.range_rel | test.range_rel_6              |        2 | dt   | Fri May 01 00:00:00 2015 | Mon Jun 01 00:00:00 2015
 test.range_rel | test.range_rel_plus_infinity  |        2 | dt   | Mon Jun 01 00:00:00 2015 | 
(8 rows)

INSERT INTO test.range_rel (dt) VALUES ('2012-06-15');
INSERT INTO test.range_rel (dt) VALUES ('2015-12-15');
EXPLAIN (COSTS OFF) SELECT * FROM test.range_rel WHERE dt < '2015-01-01';
                 QUERY PLAN                 
--------------------------------------------
 Append
   ->  Seq Scan on range_rel_minus_infinity
   ->  Seq Scan on range_rel_8
(3 rows)

EXPLAIN (COSTS OFF) SELECT * FROM test.range_rel WHERE dt >= '2015-05-01';
                QUERY PLAN                 
-------------------------------------------
 Append
   ->  Seq Scan on range_rel_6
   ->  Seq Scan on range_rel_plus_infinity
(3 rows)

/*
 * Zero partitions count and adding partitions with specified name
 */
CREATE TABLE test.zero(
	id		SERIAL PRIMARY KEY,
	value	INT NOT NULL);
INSERT INTO test.zero SELECT g, g FROM generate_series(1, 100) as g;
SELECT pathman.create_range_partitions('test.zero', 'value', 50, 10, 0);
 create_range_partitions 
-------------------------
                       0
(1 row)

SELECT pathman.append_range_partition('test.zero', 'test.zero_0');
ERROR:  relation "zero" has no partitions
SELECT pathman.prepend_range_partition('test.zero', 'test.zero_1');
ERROR:  relation "zero" has no partitions
SELECT pathman.add_range_partition('test.zero', 50, 70, 'test.zero_50');
 add_range_partition 
---------------------
 test.zero_50
(1 row)

SELECT pathman.append_range_partition('test.zero', 'test.zero_appended');
 append_range_partition 
------------------------
 test.zero_appended
(1 row)

SELECT pathman.prepend_range_partition('test.zero', 'test.zero_prepended');
 prepend_range_partition 
-------------------------
 test.zero_prepended
(1 row)

SELECT pathman.split_range_partition('test.zero_50', 60, 'test.zero_60');
 split_range_partition 
-----------------------
 test."test.zero_60"
(1 row)

DROP TABLE test.zero CASCADE;
NOTICE:  drop cascades to 5 other objects
/*
 * Check that altering table columns doesn't break trigger
 */
ALTER TABLE test.hash_rel ADD COLUMN abc int;
INSERT INTO test.hash_rel (id, value, abc) VALUES (123, 456, 789);
SELECT * FROM test.hash_rel WHERE id = 123;
 id  | value | abc 
-----+-------+-----
 123 |   456 | 789
(1 row)

/* Test replacing hash partition */
CREATE TABLE test.hash_rel_extern (LIKE test.hash_rel INCLUDING ALL);
SELECT pathman.replace_hash_partition('test.hash_rel_0', 'test.hash_rel_extern');
 replace_hash_partition 
------------------------
 test.hash_rel_extern
(1 row)

/* Check the consistency of test.hash_rel_0 and test.hash_rel_extern relations */
EXPLAIN(COSTS OFF) SELECT * FROM test.hash_rel;
            QUERY PLAN             
-----------------------------------
 Append
   ->  Seq Scan on hash_rel_extern
   ->  Seq Scan on hash_rel_1
   ->  Seq Scan on hash_rel_2
(4 rows)

SELECT parent, partition, parttype
FROM pathman.pathman_partition_list
WHERE parent='test.hash_rel'::regclass
ORDER BY 2;
    parent     |      partition       | parttype 
---------------+----------------------+----------
 test.hash_rel | test.hash_rel_1      |        1
 test.hash_rel | test.hash_rel_2      |        1
 test.hash_rel | test.hash_rel_extern |        1
(3 rows)

SELECT c.oid::regclass::text,
    array_agg(pg_get_indexdef(i.indexrelid)) AS indexes,
    array_agg(pg_get_triggerdef(t.oid)) AS triggers
FROM pg_class c
    LEFT JOIN pg_index i ON c.oid=i.indrelid
    LEFT JOIN pg_trigger t ON c.oid=t.tgrelid
WHERE c.oid IN ('test.hash_rel_0'::regclass, 'test.hash_rel_extern'::regclass)
GROUP BY 1 ORDER BY 1;
         oid          |                                        indexes                                        | triggers 
----------------------+---------------------------------------------------------------------------------------+----------
 test.hash_rel_0      | {"CREATE UNIQUE INDEX hash_rel_0_pkey ON test.hash_rel_0 USING btree (id)"}           | {NULL}
 test.hash_rel_extern | {"CREATE UNIQUE INDEX hash_rel_extern_pkey ON test.hash_rel_extern USING btree (id)"} | {NULL}
(2 rows)

SELECT pathman.is_tuple_convertible('test.hash_rel_0', 'test.hash_rel_extern');
 is_tuple_convertible 
----------------------
 t
(1 row)

INSERT INTO test.hash_rel SELECT * FROM test.hash_rel_0;
DROP TABLE test.hash_rel_0;
/* Table with which we are replacing partition must have exact same structure */
CREATE TABLE test.hash_rel_wrong(
	id		INTEGER NOT NULL,
	value	INTEGER);
SELECT pathman.replace_hash_partition('test.hash_rel_1', 'test.hash_rel_wrong');
ERROR:  column "value" in child table must be marked NOT NULL
EXPLAIN (COSTS OFF) SELECT * FROM test.hash_rel;
            QUERY PLAN             
-----------------------------------
 Append
   ->  Seq Scan on hash_rel_extern
   ->  Seq Scan on hash_rel_1
   ->  Seq Scan on hash_rel_2
(4 rows)

/*
 * Clean up
 */
SELECT pathman.drop_partitions('test.hash_rel');
NOTICE:  3 rows copied from test.hash_rel_1
NOTICE:  2 rows copied from test.hash_rel_2
NOTICE:  2 rows copied from test.hash_rel_extern
 drop_partitions 
-----------------
               3
(1 row)

SELECT COUNT(*) FROM ONLY test.hash_rel;
 count 
-------
     7
(1 row)

SELECT pathman.create_hash_partitions('test.hash_rel', 'value', 3);
 create_hash_partitions 
------------------------
                      3
(1 row)

SELECT pathman.drop_partitions('test.hash_rel', TRUE);
 drop_partitions 
-----------------
               3
(1 row)

SELECT COUNT(*) FROM ONLY test.hash_rel;
 count 
-------
     0
(1 row)

DROP TABLE test.hash_rel CASCADE;
SELECT pathman.drop_partitions('test.num_range_rel');
NOTICE:  999 rows copied from test.num_range_rel_1
NOTICE:  1000 rows copied from test.num_range_rel_2
NOTICE:  1000 rows copied from test.num_range_rel_3
 drop_partitions 
-----------------
               3
(1 row)

DROP TABLE test.num_range_rel CASCADE;
DROP TABLE test.range_rel CASCADE;
NOTICE:  drop cascades to 10 other objects
/* Test attributes copying */
CREATE TABLE test.range_rel (
	id	SERIAL PRIMARY KEY,
	dt	DATE NOT NULL)
WITH (fillfactor = 70);
INSERT INTO test.range_rel (dt)
	SELECT g FROM generate_series('2015-01-01', '2015-02-15', '1 month'::interval) AS g;
SELECT pathman.create_range_partitions('test.range_rel', 'dt',
	'2015-01-01'::date, '1 month'::interval);
 create_range_partitions 
-------------------------
                       2
(1 row)

SELECT reloptions, relpersistence FROM pg_class WHERE oid='test.range_rel'::REGCLASS;
   reloptions    | relpersistence 
-----------------+----------------
 {fillfactor=70} | p
(1 row)

SELECT reloptions, relpersistence FROM pg_class WHERE oid='test.range_rel_1'::REGCLASS;
   reloptions    | relpersistence 
-----------------+----------------
 {fillfactor=70} | p
(1 row)

DROP TABLE test.range_rel CASCADE;
NOTICE:  drop cascades to 3 other objects
/* Test automatic partition creation */
CREATE TABLE test.range_rel (
	id	SERIAL PRIMARY KEY,
	dt	TIMESTAMP NOT NULL,
	data TEXT);
SELECT pathman.create_range_partitions('test.range_rel', 'dt', '2015-01-01'::DATE, '10 days'::INTERVAL, 1);
 create_range_partitions 
-------------------------
                       1
(1 row)

INSERT INTO test.range_rel (dt)
SELECT generate_series('2015-01-01', '2015-04-30', '1 day'::interval);
INSERT INTO test.range_rel (dt)
SELECT generate_series('2014-12-31', '2014-12-01', '-1 day'::interval);
EXPLAIN (COSTS OFF) SELECT * FROM test.range_rel WHERE dt = '2014-12-15';
                                QUERY PLAN                                
--------------------------------------------------------------------------
 Seq Scan on range_rel_14
   Filter: (dt = 'Mon Dec 15 00:00:00 2014'::timestamp without time zone)
(2 rows)

SELECT * FROM test.range_rel WHERE dt = '2014-12-15';
 id  |            dt            | data 
-----+--------------------------+------
 137 | Mon Dec 15 00:00:00 2014 | 
(1 row)

EXPLAIN (COSTS OFF) SELECT * FROM test.range_rel WHERE dt = '2015-03-15';
                                QUERY PLAN                                
--------------------------------------------------------------------------
 Seq Scan on range_rel_8
   Filter: (dt = 'Sun Mar 15 00:00:00 2015'::timestamp without time zone)
(2 rows)

SELECT * FROM test.range_rel WHERE dt = '2015-03-15';
 id |            dt            | data 
----+--------------------------+------
 74 | Sun Mar 15 00:00:00 2015 | 
(1 row)

SELECT pathman.set_auto('test.range_rel', false);
 set_auto 
----------
 
(1 row)

INSERT INTO test.range_rel (dt) VALUES ('2015-06-01');
ERROR:  no suitable partition for key 'Mon Jun 01 00:00:00 2015'
SELECT pathman.set_auto('test.range_rel', true);
 set_auto 
----------
 
(1 row)

INSERT INTO test.range_rel (dt) VALUES ('2015-06-01');
/*
 * Test auto removing record from config on table DROP (but not on column drop
 * as it used to be before version 1.2)
 */
ALTER TABLE test.range_rel DROP COLUMN data;
SELECT * FROM pathman.pathman_config;
    partrel     | expr | parttype | range_interval 
----------------+------+----------+----------------
 test.range_rel | dt   |        2 | @ 10 days
(1 row)

DROP TABLE test.range_rel CASCADE;
NOTICE:  drop cascades to 21 other objects
SELECT * FROM pathman.pathman_config;
 partrel | expr | parttype | range_interval 
---------+------+----------+----------------
(0 rows)

/* Check overlaps */
CREATE TABLE test.num_range_rel (
	id	SERIAL PRIMARY KEY,
	txt	TEXT);
SELECT pathman.create_range_partitions('test.num_range_rel', 'id', 1000, 1000, 4);
 create_range_partitions 
-------------------------
                       4
(1 row)

SELECT pathman.check_range_available('test.num_range_rel'::regclass, 4001, 5000);
ERROR:  specified range [4001, 5000) overlaps with existing partitions
SELECT pathman.check_range_available('test.num_range_rel'::regclass, 4000, 5000);
ERROR:  specified range [4000, 5000) overlaps with existing partitions
SELECT pathman.check_range_available('test.num_range_rel'::regclass, 3999, 5000);
ERROR:  specified range [3999, 5000) overlaps with existing partitions
SELECT pathman.check_range_available('test.num_range_rel'::regclass, 3000, 3500);
ERROR:  specified range [3000, 3500) overlaps with existing partitions
SELECT pathman.check_range_available('test.num_range_rel'::regclass, 0, 999);
 check_range_available 
-----------------------
 
(1 row)

SELECT pathman.check_range_available('test.num_range_rel'::regclass, 0, 1000);
 check_range_available 
-----------------------
 
(1 row)

SELECT pathman.check_range_available('test.num_range_rel'::regclass, 0, 1001);
ERROR:  specified range [0, 1001) overlaps with existing partitions
/* CaMeL cAsE table names and attributes */
CREATE TABLE test."TeSt" (a INT NOT NULL, b INT);
SELECT pathman.create_hash_partitions('test.TeSt', 'a', 3);
ERROR:  relation "test.test" does not exist at character 39
SELECT pathman.create_hash_partitions('test."TeSt"', 'a', 3);
 create_hash_partitions 
------------------------
                      3
(1 row)

INSERT INTO test."TeSt" VALUES (1, 1);
INSERT INTO test."TeSt" VALUES (2, 2);
INSERT INTO test."TeSt" VALUES (3, 3);
SELECT * FROM test."TeSt";
 a | b 
---+---
 3 | 3
 2 | 2
 1 | 1
(3 rows)

DROP TABLE test."TeSt" CASCADE;
NOTICE:  drop cascades to 3 other objects
CREATE TABLE test."RangeRel" (
	id	SERIAL PRIMARY KEY,
	dt	TIMESTAMP NOT NULL,
	txt	TEXT);
INSERT INTO test."RangeRel" (dt, txt)
SELECT g, md5(g::TEXT) FROM generate_series('2015-01-01', '2015-01-03', '1 day'::interval) as g;
SELECT pathman.create_range_partitions('test."RangeRel"', 'dt', '2015-01-01'::DATE, '1 day'::INTERVAL);
 create_range_partitions 
-------------------------
                       3
(1 row)

SELECT pathman.append_range_partition('test."RangeRel"');
 append_range_partition 
------------------------
 test."RangeRel_4"
(1 row)

SELECT pathman.prepend_range_partition('test."RangeRel"');
 prepend_range_partition 
-------------------------
 test."RangeRel_5"
(1 row)

SELECT pathman.merge_range_partitions('test."RangeRel_1"', 'test."RangeRel_' || currval('test."RangeRel_seq"') || '"');
 merge_range_partitions 
------------------------
 test."RangeRel_1"
(1 row)

SELECT pathman.split_range_partition('test."RangeRel_1"', '2015-01-01'::DATE);
 split_range_partition 
-----------------------
 test."RangeRel_6"
(1 row)

DROP TABLE test."RangeRel" CASCADE;
NOTICE:  drop cascades to 6 other objects
SELECT * FROM pathman.pathman_config;
      partrel       | expr | parttype | range_interval 
--------------------+------+----------+----------------
 test.num_range_rel | id   |        2 | 1000
(1 row)

CREATE TABLE test."RangeRel" (
	id	SERIAL PRIMARY KEY,
	dt	TIMESTAMP NOT NULL,
	txt	TEXT);
SELECT pathman.create_range_partitions('test."RangeRel"', 'id', 1, 100, 3);
 create_range_partitions 
-------------------------
                       3
(1 row)

DROP TABLE test."RangeRel" CASCADE;
NOTICE:  drop cascades to 4 other objects
DROP EXTENSION pg_pathman;
/* Test that everything works fine without schemas */
CREATE EXTENSION pg_pathman;
/* Hash */
CREATE TABLE test.hash_rel (
	id		SERIAL PRIMARY KEY,
	value	INTEGER NOT NULL);
INSERT INTO test.hash_rel (value) SELECT g FROM generate_series(1, 10000) as g;
SELECT create_hash_partitions('test.hash_rel', 'value', 3);
 create_hash_partitions 
------------------------
                      3
(1 row)

EXPLAIN (COSTS OFF) SELECT * FROM test.hash_rel WHERE id = 1234;
                      QUERY PLAN                      
------------------------------------------------------
 Append
   ->  Index Scan using hash_rel_0_pkey on hash_rel_0
         Index Cond: (id = 1234)
   ->  Index Scan using hash_rel_1_pkey on hash_rel_1
         Index Cond: (id = 1234)
   ->  Index Scan using hash_rel_2_pkey on hash_rel_2
         Index Cond: (id = 1234)
(7 rows)

/* Range */
CREATE TABLE test.range_rel (
	id		SERIAL PRIMARY KEY,
	dt		TIMESTAMP NOT NULL,
	value	INTEGER);
INSERT INTO test.range_rel (dt, value) SELECT g, extract(day from g) FROM generate_series('2010-01-01'::date, '2010-12-31'::date, '1 day') as g;
SELECT create_range_partitions('test.range_rel', 'dt', '2010-01-01'::date, '1 month'::interval, 12);
 create_range_partitions 
-------------------------
                      12
(1 row)

SELECT merge_range_partitions('test.range_rel_1', 'test.range_rel_2');
 merge_range_partitions 
------------------------
 test.range_rel_1
(1 row)

SELECT split_range_partition('test.range_rel_1', '2010-02-15'::date);
 split_range_partition 
-----------------------
 test.range_rel_13
(1 row)

SELECT append_range_partition('test.range_rel');
 append_range_partition 
------------------------
 test.range_rel_14
(1 row)

SELECT prepend_range_partition('test.range_rel');
 prepend_range_partition 
-------------------------
 test.range_rel_15
(1 row)

EXPLAIN (COSTS OFF) SELECT * FROM test.range_rel WHERE dt < '2010-03-01';
           QUERY PLAN           
--------------------------------
 Append
   ->  Seq Scan on range_rel_15
   ->  Seq Scan on range_rel_1
   ->  Seq Scan on range_rel_13
(4 rows)

EXPLAIN (COSTS OFF) SELECT * FROM test.range_rel WHERE dt > '2010-12-15';
                                   QUERY PLAN                                   
--------------------------------------------------------------------------------
 Append
   ->  Seq Scan on range_rel_12
         Filter: (dt > 'Wed Dec 15 00:00:00 2010'::timestamp without time zone)
   ->  Seq Scan on range_rel_14
(4 rows)

/* Create range partitions from whole range */
SELECT drop_partitions('test.range_rel');
NOTICE:  45 rows copied from test.range_rel_1
NOTICE:  31 rows copied from test.range_rel_3
NOTICE:  30 rows copied from test.range_rel_4
NOTICE:  31 rows copied from test.range_rel_5
NOTICE:  30 rows copied from test.range_rel_6
NOTICE:  31 rows copied from test.range_rel_7
NOTICE:  31 rows copied from test.range_rel_8
NOTICE:  30 rows copied from test.range_rel_9
NOTICE:  31 rows copied from test.range_rel_10
NOTICE:  30 rows copied from test.range_rel_11
NOTICE:  31 rows copied from test.range_rel_12
NOTICE:  14 rows copied from test.range_rel_13
NOTICE:  0 rows copied from test.range_rel_14
NOTICE:  0 rows copied from test.range_rel_15
 drop_partitions 
-----------------
              14
(1 row)

/* Test NOT operator */
CREATE TABLE bool_test(a INT NOT NULL, b BOOLEAN);
SELECT create_hash_partitions('bool_test', 'a', 3);
 create_hash_partitions 
------------------------
                      3
(1 row)

INSERT INTO bool_test SELECT g, (g % 4) = 0 FROM generate_series(1, 100) AS g;
SELECT count(*) FROM bool_test;
 count 
-------
   100
(1 row)

SELECT count(*) FROM bool_test WHERE (b = true AND b = false);
 count 
-------
     0
(1 row)

SELECT count(*) FROM bool_test WHERE b = false;	/* 75 values */
 count 
-------
    75
(1 row)

SELECT count(*) FROM bool_test WHERE b = true;	/* 25 values */
 count 
-------
    25
(1 row)

DROP TABLE bool_test CASCADE;
NOTICE:  drop cascades to 3 other objects
/* Special test case (quals generation) -- fixing commit f603e6c5 */
CREATE TABLE test.special_case_1_ind_o_s(val serial, comment text);
INSERT INTO test.special_case_1_ind_o_s SELECT generate_series(1, 200), NULL;
SELECT create_range_partitions('test.special_case_1_ind_o_s', 'val', 1, 50);
 create_range_partitions 
-------------------------
                       4
(1 row)

INSERT INTO test.special_case_1_ind_o_s_2 SELECT 75 FROM generate_series(1, 6000);
CREATE INDEX ON test.special_case_1_ind_o_s_2 (val, comment);
VACUUM ANALYZE test.special_case_1_ind_o_s_2;
EXPLAIN (COSTS OFF) SELECT * FROM test.special_case_1_ind_o_s WHERE val < 75 AND comment = 'a';
                                            QUERY PLAN                                            
--------------------------------------------------------------------------------------------------
 Append
   ->  Seq Scan on special_case_1_ind_o_s_1
         Filter: (comment = 'a'::text)
   ->  Index Only Scan using special_case_1_ind_o_s_2_val_comment_idx on special_case_1_ind_o_s_2
         Index Cond: ((val < 75) AND (comment = 'a'::text))
(5 rows)

SELECT set_enable_parent('test.special_case_1_ind_o_s', true);
 set_enable_parent 
-------------------
 
(1 row)

EXPLAIN (COSTS OFF) SELECT * FROM test.special_case_1_ind_o_s WHERE val < 75 AND comment = 'a';
                                            QUERY PLAN                                            
--------------------------------------------------------------------------------------------------
 Append
   ->  Seq Scan on special_case_1_ind_o_s
         Filter: ((val < 75) AND (comment = 'a'::text))
   ->  Seq Scan on special_case_1_ind_o_s_1
         Filter: (comment = 'a'::text)
   ->  Index Only Scan using special_case_1_ind_o_s_2_val_comment_idx on special_case_1_ind_o_s_2
         Index Cond: ((val < 75) AND (comment = 'a'::text))
(7 rows)

SELECT set_enable_parent('test.special_case_1_ind_o_s', false);
 set_enable_parent 
-------------------
 
(1 row)

EXPLAIN (COSTS OFF) SELECT * FROM test.special_case_1_ind_o_s WHERE val < 75 AND comment = 'a';
                                            QUERY PLAN                                            
--------------------------------------------------------------------------------------------------
 Append
   ->  Seq Scan on special_case_1_ind_o_s_1
         Filter: (comment = 'a'::text)
   ->  Index Only Scan using special_case_1_ind_o_s_2_val_comment_idx on special_case_1_ind_o_s_2
         Index Cond: ((val < 75) AND (comment = 'a'::text))
(5 rows)

/* Test index scans on child relation under enable_parent is set */
CREATE TABLE test.index_on_childs(c1 integer not null, c2 integer);
CREATE INDEX ON test.index_on_childs(c2);
INSERT INTO test.index_on_childs SELECT i, (random()*10000)::integer FROM generate_series(1, 10000) i;
SELECT create_range_partitions('test.index_on_childs', 'c1', 1, 1000, 0, false);
 create_range_partitions 
-------------------------
                       0
(1 row)

SELECT add_range_partition('test.index_on_childs', 1, 1000, 'test.index_on_childs_1_1k');
    add_range_partition    
---------------------------
 test.index_on_childs_1_1k
(1 row)

SELECT append_range_partition('test.index_on_childs', 'test.index_on_childs_1k_2k');
   append_range_partition   
----------------------------
 test.index_on_childs_1k_2k
(1 row)

SELECT append_range_partition('test.index_on_childs', 'test.index_on_childs_2k_3k');
   append_range_partition   
----------------------------
 test.index_on_childs_2k_3k
(1 row)

SELECT append_range_partition('test.index_on_childs', 'test.index_on_childs_3k_4k');
   append_range_partition   
----------------------------
 test.index_on_childs_3k_4k
(1 row)

SELECT append_range_partition('test.index_on_childs', 'test.index_on_childs_4k_5k');
   append_range_partition   
----------------------------
 test.index_on_childs_4k_5k
(1 row)

SELECT set_enable_parent('test.index_on_childs', true);
 set_enable_parent 
-------------------
 
(1 row)

VACUUM ANALYZE test.index_on_childs;
EXPLAIN (COSTS OFF) SELECT * FROM test.index_on_childs WHERE c1 > 100 AND c1 < 2500 AND c2 = 500;
                                  QUERY PLAN                                  
------------------------------------------------------------------------------
 Append
   ->  Index Scan using index_on_childs_c2_idx on index_on_childs
         Index Cond: (c2 = 500)
         Filter: ((c1 > 100) AND (c1 < 2500))
   ->  Index Scan using index_on_childs_1_1k_c2_idx on index_on_childs_1_1k
         Index Cond: (c2 = 500)
         Filter: (c1 > 100)
   ->  Index Scan using index_on_childs_1k_2k_c2_idx on index_on_childs_1k_2k
         Index Cond: (c2 = 500)
   ->  Index Scan using index_on_childs_2k_3k_c2_idx on index_on_childs_2k_3k
         Index Cond: (c2 = 500)
         Filter: (c1 < 2500)
(12 rows)

/* Test create_range_partitions() + partition_names */
CREATE TABLE test.provided_part_names(id INT NOT NULL);
INSERT INTO test.provided_part_names SELECT generate_series(1, 10);
SELECT create_hash_partitions('test.provided_part_names', 'id', 2,
							  partition_names := ARRAY['p1', 'p2']::TEXT[]); /* ok */
 create_hash_partitions 
------------------------
                      2
(1 row)

/* list partitions */
SELECT partition FROM pathman_partition_list
WHERE parent = 'test.provided_part_names'::REGCLASS
ORDER BY partition;
 partition 
-----------
 p1
 p2
(2 rows)

DROP TABLE test.provided_part_names CASCADE;
NOTICE:  drop cascades to 2 other objects
/* test preventing of double expand of inherited tables */
CREATE TABLE test.mixinh_parent (id INT PRIMARY KEY);
CREATE TABLE test.mixinh_child1 () INHERITS (test.mixinh_parent);
SELECT create_range_partitions('test.mixinh_child1', 'id', 1, 10, 1);
 create_range_partitions 
-------------------------
                       1
(1 row)

INSERT  INTO test.mixinh_child1 VALUES (1);
SELECT * FROM test.mixinh_child1;
 id 
----
  1
(1 row)

SELECT * FROM test.mixinh_parent;
ERROR:  could not expand partitioned table "mixinh_child1"
DROP SCHEMA test CASCADE;
NOTICE:  drop cascades to 32 other objects
DROP EXTENSION pg_pathman CASCADE;
DROP SCHEMA pathman CASCADE;
